14:50:27,751 [32mINFO [m [f.console] ,----------------------------------------------------------------------------------------------------.
|       ,---,.  .--.--.     ,----..                                     ,--,                     2.9 |
|     ,'  .' | /  /    '.  /   /   \                                  ,--.'|                         |
|   ,---.'   ||  :  /`. / |   :     :  __  ,-.                   .---.|  | :               __  ,-.   |
|   |   |   .';  |  |--`  .   |  ;. /,' ,'/ /|                  /. ./|:  : '             ,' ,'/ /|   |
|   :   :  :  |  :  ;_    .   ; /--` '  | |' | ,--.--.       .-'-. ' ||  ' |      ,---.  '  | |' |   |
|   :   |  |-, \  \    `. ;   | ;    |  |   ,'/       \     /___/ \: |'  | |     /     \ |  |   ,'   |
|   |   :  ;/|  `----.   \|   : |    '  :  / .--.  .-. | .-'.. '   ' .|  | :    /    /  |'  :  /     |
|   |   |   .'  __ \  \  |.   | '___ |  | '   \__\/: . ./___/ \:     ''  : |__ .    ' / ||  | '      |
|   '   :  '   /  /`--'  /'   ; : .'|;  : |   ," .--.; |.   \  ' .\   |  | '.'|'   ;   /|;  : |      |
|   |   |  |  '--'.     / '   | '/  :|  , ;  /  /  ,.  | \   \   ' \ |;  :    ;'   |  / ||  , ;      |
|   |   :  \    `--'---'  |   :    /  ---'  ;  :   .'   \ \   \  |--" |  ,   / |   :    | ---'       |
|   |   | ,'               \   \ .'         |  ,     .-./  \   \ |     ---`-'   \   \  /             |
|   `----'                  `---`            `--`---'       '---"                `----'              |
+----------------------------------------------------------------------------------------------------+
|                                        You know, for Files!                                        |
|                                     Made from France with Love                                     |
|                           Source: https://github.com/dadoonet/fscrawler/                           |
|                          Documentation: https://fscrawler.readthedocs.io/                          |
`----------------------------------------------------------------------------------------------------'

14:50:27,800 [32mINFO [m [f.p.e.c.f.c.BootstrapChecks] Memory [Free/Total=Percent]: HEAP [78.4mb/1.5gb=5.05%], RAM [1.2gb/6gb=19.8%], Swap [1.7gb/2gb=86.96%].
14:50:27,824 [32mINFO [m [f.console] job [idx] does not exist
14:50:27,825 [32mINFO [m [f.console] Do you want to create it (Y/N)?
